<?xml version="1.0" encoding="utf-8"?><testsuites><testsuite name="pytest" errors="7" failures="0" skipped="0" tests="7" time="5.403" timestamp="2024-04-04T08:32:19.919952" hostname="fv-az1528-392"><testcase classname="" name="tests.test_code_generation" time="0.000"><error message="collection failure">tests/test_code_generation.py:6: in &lt;module&gt;
    from imgdataconvertcodegen.code_generator import ConvertCodeGenerator
src/imgdataconvertcodegen/__init__.py:2: in &lt;module&gt;
    from .interface_py_api import (get_conversion_code, get_convert_path, add_edge_factory_cluster,
src/imgdataconvertcodegen/interface_py_api.py:3: in &lt;module&gt;
    from .code_generator import ConvertCodeGenerator
src/imgdataconvertcodegen/code_generator.py:2: in &lt;module&gt;
    from .knowledge_graph_construction import encode_metadata, Metadata
src/imgdataconvertcodegen/knowledge_graph_construction/__init__.py:1: in &lt;module&gt;
    from .edge_factories import (Conversion, EdgeFactory, FactoriesCluster, ConversionForMetadataPair,
src/imgdataconvertcodegen/knowledge_graph_construction/edge_factories/__init__.py:1: in &lt;module&gt;
    from .type import Conversion, EdgeFactory, FactoriesCluster, ConversionForMetadataPair
src/imgdataconvertcodegen/knowledge_graph_construction/edge_factories/type.py:6: in &lt;module&gt;
    Conversion = Tuple[import_code, convert_code] | None
E   TypeError: unsupported operand type(s) for |: '_GenericAlias' and 'NoneType'</error></testcase><testcase classname="" name="tests.test_conversion_code_execution" time="0.000"><error message="collection failure">tests/test_conversion_code_execution.py:7: in &lt;module&gt;
    from imgdataconvertcodegen.code_generator import ConvertCodeGenerator
src/imgdataconvertcodegen/__init__.py:2: in &lt;module&gt;
    from .interface_py_api import (get_conversion_code, get_convert_path, add_edge_factory_cluster,
src/imgdataconvertcodegen/interface_py_api.py:3: in &lt;module&gt;
    from .code_generator import ConvertCodeGenerator
src/imgdataconvertcodegen/code_generator.py:2: in &lt;module&gt;
    from .knowledge_graph_construction import encode_metadata, Metadata
src/imgdataconvertcodegen/knowledge_graph_construction/__init__.py:1: in &lt;module&gt;
    from .edge_factories import (Conversion, EdgeFactory, FactoriesCluster, ConversionForMetadataPair,
src/imgdataconvertcodegen/knowledge_graph_construction/edge_factories/__init__.py:1: in &lt;module&gt;
    from .type import Conversion, EdgeFactory, FactoriesCluster, ConversionForMetadataPair
src/imgdataconvertcodegen/knowledge_graph_construction/edge_factories/type.py:6: in &lt;module&gt;
    Conversion = Tuple[import_code, convert_code] | None
E   TypeError: unsupported operand type(s) for |: '_GenericAlias' and 'NoneType'</error></testcase><testcase classname="" name="tests.test_conversion_code_in_kg" time="0.000"><error message="collection failure">tests/test_conversion_code_in_kg.py:7: in &lt;module&gt;
    from imgdataconvertcodegen.image_data import is_image_equal, get_input_image_and_expected_output
src/imgdataconvertcodegen/__init__.py:2: in &lt;module&gt;
    from .interface_py_api import (get_conversion_code, get_convert_path, add_edge_factory_cluster,
src/imgdataconvertcodegen/interface_py_api.py:3: in &lt;module&gt;
    from .code_generator import ConvertCodeGenerator
src/imgdataconvertcodegen/code_generator.py:2: in &lt;module&gt;
    from .knowledge_graph_construction import encode_metadata, Metadata
src/imgdataconvertcodegen/knowledge_graph_construction/__init__.py:1: in &lt;module&gt;
    from .edge_factories import (Conversion, EdgeFactory, FactoriesCluster, ConversionForMetadataPair,
src/imgdataconvertcodegen/knowledge_graph_construction/edge_factories/__init__.py:1: in &lt;module&gt;
    from .type import Conversion, EdgeFactory, FactoriesCluster, ConversionForMetadataPair
src/imgdataconvertcodegen/knowledge_graph_construction/edge_factories/type.py:6: in &lt;module&gt;
    Conversion = Tuple[import_code, convert_code] | None
E   TypeError: unsupported operand type(s) for |: '_GenericAlias' and 'NoneType'</error></testcase><testcase classname="" name="tests.test_io" time="0.000"><error message="collection failure">tests/test_io.py:7: in &lt;module&gt;
    from imgdataconvertcodegen.knowledge_graph_construction.io import save_graph, load_graph
src/imgdataconvertcodegen/__init__.py:2: in &lt;module&gt;
    from .interface_py_api import (get_conversion_code, get_convert_path, add_edge_factory_cluster,
src/imgdataconvertcodegen/interface_py_api.py:3: in &lt;module&gt;
    from .code_generator import ConvertCodeGenerator
src/imgdataconvertcodegen/code_generator.py:2: in &lt;module&gt;
    from .knowledge_graph_construction import encode_metadata, Metadata
src/imgdataconvertcodegen/knowledge_graph_construction/__init__.py:1: in &lt;module&gt;
    from .edge_factories import (Conversion, EdgeFactory, FactoriesCluster, ConversionForMetadataPair,
src/imgdataconvertcodegen/knowledge_graph_construction/edge_factories/__init__.py:1: in &lt;module&gt;
    from .type import Conversion, EdgeFactory, FactoriesCluster, ConversionForMetadataPair
src/imgdataconvertcodegen/knowledge_graph_construction/edge_factories/type.py:6: in &lt;module&gt;
    Conversion = Tuple[import_code, convert_code] | None
E   TypeError: unsupported operand type(s) for |: '_GenericAlias' and 'NoneType'</error></testcase><testcase classname="" name="tests.test_knowledge_graph" time="0.000"><error message="collection failure">tests/test_knowledge_graph.py:8: in &lt;module&gt;
    from imgdataconvertcodegen.knowledge_graph_construction import KnowledgeGraph, encode_metadata
src/imgdataconvertcodegen/__init__.py:2: in &lt;module&gt;
    from .interface_py_api import (get_conversion_code, get_convert_path, add_edge_factory_cluster,
src/imgdataconvertcodegen/interface_py_api.py:3: in &lt;module&gt;
    from .code_generator import ConvertCodeGenerator
src/imgdataconvertcodegen/code_generator.py:2: in &lt;module&gt;
    from .knowledge_graph_construction import encode_metadata, Metadata
src/imgdataconvertcodegen/knowledge_graph_construction/__init__.py:1: in &lt;module&gt;
    from .edge_factories import (Conversion, EdgeFactory, FactoriesCluster, ConversionForMetadataPair,
src/imgdataconvertcodegen/knowledge_graph_construction/edge_factories/__init__.py:1: in &lt;module&gt;
    from .type import Conversion, EdgeFactory, FactoriesCluster, ConversionForMetadataPair
src/imgdataconvertcodegen/knowledge_graph_construction/edge_factories/type.py:6: in &lt;module&gt;
    Conversion = Tuple[import_code, convert_code] | None
E   TypeError: unsupported operand type(s) for |: '_GenericAlias' and 'NoneType'</error></testcase><testcase classname="" name="tests.test_metadata_differ" time="0.000"><error message="collection failure">tests/test_metadata_differ.py:1: in &lt;module&gt;
    from imgdataconvertcodegen import are_both_same_data_repr, is_differ_value_for_key
src/imgdataconvertcodegen/__init__.py:2: in &lt;module&gt;
    from .interface_py_api import (get_conversion_code, get_convert_path, add_edge_factory_cluster,
src/imgdataconvertcodegen/interface_py_api.py:3: in &lt;module&gt;
    from .code_generator import ConvertCodeGenerator
src/imgdataconvertcodegen/code_generator.py:2: in &lt;module&gt;
    from .knowledge_graph_construction import encode_metadata, Metadata
src/imgdataconvertcodegen/knowledge_graph_construction/__init__.py:1: in &lt;module&gt;
    from .edge_factories import (Conversion, EdgeFactory, FactoriesCluster, ConversionForMetadataPair,
src/imgdataconvertcodegen/knowledge_graph_construction/edge_factories/__init__.py:1: in &lt;module&gt;
    from .type import Conversion, EdgeFactory, FactoriesCluster, ConversionForMetadataPair
src/imgdataconvertcodegen/knowledge_graph_construction/edge_factories/type.py:6: in &lt;module&gt;
    Conversion = Tuple[import_code, convert_code] | None
E   TypeError: unsupported operand type(s) for |: '_GenericAlias' and 'NoneType'</error></testcase><testcase classname="" name="tests.test_py_interface" time="0.000"><error message="collection failure">tests/test_py_interface.py:5: in &lt;module&gt;
    from imgdataconvertcodegen import add_conversion_for_metadata_pairs, get_convert_path, _code_generator, _constructor, \
src/imgdataconvertcodegen/__init__.py:2: in &lt;module&gt;
    from .interface_py_api import (get_conversion_code, get_convert_path, add_edge_factory_cluster,
src/imgdataconvertcodegen/interface_py_api.py:3: in &lt;module&gt;
    from .code_generator import ConvertCodeGenerator
src/imgdataconvertcodegen/code_generator.py:2: in &lt;module&gt;
    from .knowledge_graph_construction import encode_metadata, Metadata
src/imgdataconvertcodegen/knowledge_graph_construction/__init__.py:1: in &lt;module&gt;
    from .edge_factories import (Conversion, EdgeFactory, FactoriesCluster, ConversionForMetadataPair,
src/imgdataconvertcodegen/knowledge_graph_construction/edge_factories/__init__.py:1: in &lt;module&gt;
    from .type import Conversion, EdgeFactory, FactoriesCluster, ConversionForMetadataPair
src/imgdataconvertcodegen/knowledge_graph_construction/edge_factories/type.py:6: in &lt;module&gt;
    Conversion = Tuple[import_code, convert_code] | None
E   TypeError: unsupported operand type(s) for |: '_GenericAlias' and 'NoneType'</error></testcase></testsuite></testsuites>