<?xml version="1.0" encoding="utf-8"?><testsuites><testsuite name="pytest" errors="0" failures="0" skipped="3" tests="51" time="14.081" timestamp="2024-03-30T18:42:44.364177" hostname="fv-az1089-928"><testcase classname="tests.test_code_generation" name="test_convert_code_generator_init" time="0.002" /><testcase classname="tests.test_code_generation" name="test_knowledge_graph_property" time="0.001" /><testcase classname="tests.test_code_generation" name="test_conversion_path" time="0.001" /><testcase classname="tests.test_code_generation" name="test_generate_conversion_no_path" time="0.001" /><testcase classname="tests.test_code_generation" name="test_generate_conversion_same_type" time="0.001" /><testcase classname="tests.test_code_generation" name="test_generate_conversion_multiple_steps" time="0.002" /><testcase classname="tests.test_code_generation" name="test_generate_conversion_using_cache" time="0.001" /><testcase classname="tests.test_conversion_code_execution" name="test_code_generation_using_metadata" time="0.002" /><testcase classname="tests.test_conversion_code_in_kg" name="test_all_conversion_code_exec_on_cpu" time="5.495" /><testcase classname="tests.test_conversion_code_in_kg" name="test_conversion_code_exec_using_pytorch_gpu" time="0.001"><skipped type="pytest.skip" message="Test skipped because PyTorch is not installed with CUDA support or no CUDA-compatible GPU is available.">/home/runner/work/ImgDataConvertCodeGen/ImgDataConvertCodeGen/tests/test_conversion_code_in_kg.py:79: Test skipped because PyTorch is not installed with CUDA support or no CUDA-compatible GPU is available.</skipped></testcase><testcase classname="tests.test_conversion_code_in_kg" name="test_conversion_code_exec_using_tensorflow_gpu" time="0.000"><skipped type="pytest.skip" message="Test skipped because TensorFlow not configured for GPU acceleration or no CUDA-compatible GPU is available.">/home/runner/work/ImgDataConvertCodeGen/ImgDataConvertCodeGen/tests/test_conversion_code_in_kg.py:89: Test skipped because TensorFlow not configured for GPU acceleration or no CUDA-compatible GPU is available.</skipped></testcase><testcase classname="tests.test_conversion_code_in_kg" name="test_conversion_code_exec_using_tensorflow_gpu_torch_gpu" time="0.000"><skipped type="pytest.skip" message="Test skipped because TensorFlow not configured for GPU acceleration or no CUDA-compatible GPU is available.">/home/runner/work/ImgDataConvertCodeGen/ImgDataConvertCodeGen/tests/test_conversion_code_in_kg.py:99: Test skipped because TensorFlow not configured for GPU acceleration or no CUDA-compatible GPU is available.</skipped></testcase><testcase classname="tests.test_io" name="test_load_graph_from_file" time="0.001" /><testcase classname="tests.test_io" name="test_load_graph_with_invalid_path" time="0.001" /><testcase classname="tests.test_io" name="test_save_graph_to_file" time="0.005" /><testcase classname="tests.test_io" name="test_save_graph_with_invalid_path" time="0.001" /><testcase classname="tests.test_knowledge_graph" name="test_knowledge_graph_init" time="0.001" /><testcase classname="tests.test_knowledge_graph" name="test_add_new_node" time="0.001" /><testcase classname="tests.test_knowledge_graph" name="test_add_edge" time="0.001" /><testcase classname="tests.test_knowledge_graph" name="test_get_edge" time="0.001" /><testcase classname="tests.test_knowledge_graph" name="test_edge_failure" time="0.001" /><testcase classname="tests.test_knowledge_graph" name="test_save_to_file" time="0.001" /><testcase classname="tests.test_knowledge_graph" name="test_get_shortest_path" time="0.001" /><testcase classname="tests.test_knowledge_graph" name="test_get_shortest_path_no_path" time="0.001" /><testcase classname="tests.test_knowledge_graph" name="test_get_shortest_path_same_node" time="0.001" /><testcase classname="tests.test_knowledge_graph" name="test_knowledge_graph_str" time="0.001" /><testcase classname="tests.test_metadata" name="test_encode_to_string" time="0.001" /><testcase classname="tests.test_metadata" name="test_decode_to_dict" time="0.001" /><testcase classname="tests.test_metadata" name="test_exact_match" time="0.001" /><testcase classname="tests.test_metadata" name="test_representation_match_no_channel_match" time="0.001" /><testcase classname="tests.test_metadata" name="test_no_representation_match" time="0.001" /><testcase classname="tests.test_metadata" name="test_rgb_bgr_match" time="0.001" /><testcase classname="tests.test_metadata" name="test_empty_candidate_list" time="0.001" /><testcase classname="tests.test_metadata" name="test_one_candidata" time="0.001" /><testcase classname="tests.test_metadata_differ" name="test_both_metadata_match_data_repr" time="0.001" /><testcase classname="tests.test_metadata_differ" name="test_one_metadata_missing_data_repr" time="0.001" /><testcase classname="tests.test_metadata_differ" name="test_one_metadata_different_data_repr" time="0.001" /><testcase classname="tests.test_metadata_differ" name="test_both_metadata_missing_data_repr" time="0.001" /><testcase classname="tests.test_metadata_differ" name="test_both_metadata_different_data_repr" time="0.001" /><testcase classname="tests.test_metadata_differ" name="test_is_differ_value_for_key_true" time="0.001" /><testcase classname="tests.test_metadata_differ" name="test_is_differ_value_for_key_false" time="0.001" /><testcase classname="tests.test_py_interface" name="test_add_conversion_for_metadata_pair_single_value" time="0.004" /><testcase classname="tests.test_py_interface" name="test_add_conversion_for_metadata_pair_list_values" time="0.001" /><testcase classname="tests.test_py_interface" name="test_add_conversion_for_metadata_pair_empty" time="0.001" /><testcase classname="tests.test_py_interface" name="test_add_conversion_for_metadata_pair_none" time="0.001" /><testcase classname="tests.test_py_interface" name="test_get_convert_path" time="0.001" /><testcase classname="tests.test_py_interface" name="test_get_conversion_code" time="0.001" /><testcase classname="tests.test_util" name="test_remove_intermediate_functon_call" time="0.001" /><testcase classname="tests.test_util" name="test_extract_func_body_fail" time="0.001" /><testcase classname="tests.test_util" name="test_func_obj_to_str_function" time="0.001" /><testcase classname="tests.test_util" name="test_exclude_key_from_list" time="0.001" /></testsuite></testsuites>